<?xml version="1.1" encoding="UTF-8"?>
<testsuite name="handler.UnitTranslateHandlerTest" tests="3" failures="0" errors="0" timestamp="2013-12-02T02:07:40" hostname="yangliu.local" time="0.005">
  <properties/>
  <testcase name="shouldPrintTranslateSuccessWhenInputIsCorrectly" classname="handler.UnitTranslateHandlerTest" time="0.004"/>
  <testcase name="shouldSetUnitWhenItDeclare" classname="handler.UnitTranslateHandlerTest" time="0.001"/>
  <testcase name="shouldAskNextHandleToInterpretIfItCanNotBeenFind" classname="handler.UnitTranslateHandlerTest" time="0.0"/>
  <system-out><![CDATA[]]></system-out>
  <system-err><![CDATA[]]></system-err>
</testsuite>
