<?xml version="1.1" encoding="UTF-8"?>
<testsuite name="roman.CalculatorTest" tests="3" failures="0" errors="0" timestamp="2013-12-02T02:07:40" hostname="yangliu.local" time="0.003">
  <properties/>
  <testcase name="shouldGetTheValueOfMM" classname="roman.CalculatorTest" time="0.002"/>
  <testcase name="shouldGetTheValueOfMCMXLIV" classname="roman.CalculatorTest" time="0.0"/>
  <testcase name="shouldGetTheValueOfMMVI" classname="roman.CalculatorTest" time="0.0"/>
  <system-out><![CDATA[]]></system-out>
  <system-err><![CDATA[]]></system-err>
</testsuite>
