<?xml version="1.1" encoding="UTF-8"?>
<testsuite name="roman.RomanNumeralTest" tests="2" failures="0" errors="0" timestamp="2013-12-02T02:07:40" hostname="yangliu.local" time="0.001">
  <properties/>
  <testcase name="shouldAssertRomanNumConversionToNumber" classname="roman.RomanNumeralTest" time="0.0"/>
  <testcase name="shouldGetEnumFromString" classname="roman.RomanNumeralTest" time="0.001"/>
  <system-out><![CDATA[]]></system-out>
  <system-err><![CDATA[]]></system-err>
</testsuite>
